[    0.000000] Initializing cgroup subsys cpuset
[    0.000000] Initializing cgroup subsys cpu
[    0.000000] Initializing cgroup subsys cpuacct
[    0.000000] Linux version 4.4.0-98-generic (buildd@lcy01-03) (gcc version 5.4.0 20160609 (Ubuntu 5.4.0-6ubuntu1~16.04.4) ) #121-Ubuntu SMP Tue Oct 10 14:24:03 UTC 2017 (Ubuntu 4.4.0-98.121-generic 4.4.90)
[    0.000000] Command line: BOOT_IMAGE=/boot/vmlinuz-4.4.0-98-generic root=UUID=b5702e2b-9f3b-42ad-8248-878e16b622c8 ro console=tty1 console=ttyS0
[    0.000000] KERNEL supported cpus:
[    0.000000]   Intel GenuineIntel
[    0.000000]   AMD AuthenticAMD
[    0.000000]   Centaur CentaurHauls
[    0.000000] x86/fpu: xstate_offset[2]:  576, xstate_sizes[2]:  256
[    0.000000] x86/fpu: Supporting XSAVE feature 0x01: 'x87 floating point registers'
[    0.000000] x86/fpu: Supporting XSAVE feature 0x02: 'SSE registers'
[    0.000000] x86/fpu: Supporting XSAVE feature 0x04: 'AVX registers'
[    0.000000] x86/fpu: Enabled xstate features 0x7, context size is 832 bytes, using 'standard' format.
[    0.000000] x86/fpu: Using 'lazy' FPU context switches.
[    0.000000] e820: BIOS-provided physical RAM map:
[    0.000000] BIOS-e820: [mem 0x0000000000000000-0x000000000009fbff] usable
[    0.000000] BIOS-e820: [mem 0x000000000009fc00-0x000000000009ffff] reserved
[    0.000000] BIOS-e820: [mem 0x00000000000f0000-0x00000000000fffff] reserved
[    0.000000] BIOS-e820: [mem 0x0000000000100000-0x000000003ffeffff] usable
[    0.000000] BIOS-e820: [mem 0x000000003fff0000-0x000000003fffffff] ACPI data
[    0.000000] BIOS-e820: [mem 0x00000000fec00000-0x00000000fec00fff] reserved
[    0.000000] BIOS-e820: [mem 0x00000000fee00000-0x00000000fee00fff] reserved
[    0.000000] BIOS-e820: [mem 0x00000000fffc0000-0x00000000ffffffff] reserved
[    0.000000] NX (Execute Disable) protection: active
[    0.000000] SMBIOS 2.5 present.
[    0.000000] Hypervisor detected: KVM
[    0.000000] e820: last_pfn = 0x3fff0 max_arch_pfn = 0x400000000
[    0.000000] MTRR: Disabled
[    0.000000] x86/PAT: MTRRs disabled, skipping PAT initialization too.
[    0.000000] CPU MTRRs all blank - virtualized system.
[    0.000000] x86/PAT: Configuration [0-7]: WB  WT  UC- UC  WB  WT  UC- UC  
[    0.000000] found SMP MP-table at [mem 0x0009fff0-0x0009ffff] mapped at [ffff88000009fff0]
[    0.000000] Scanning 1 areas for low memory corruption
[    0.000000] RAMDISK: [mem 0x36230000-0x3710ffff]
[    0.000000] ACPI: Early table checksum verification disabled
[    0.000000] ACPI: RSDP 0x00000000000E0000 000024 (v02 VBOX  )
[    0.000000] ACPI: XSDT 0x000000003FFF0030 00003C (v01 VBOX   VBOXXSDT 00000001 ASL  00000061)
[    0.000000] ACPI: FACP 0x000000003FFF00F0 0000F4 (v04 VBOX   VBOXFACP 00000001 ASL  00000061)
[    0.000000] ACPI: DSDT 0x000000003FFF0470 0021C8 (v02 VBOX   VBOXBIOS 00000002 INTL 20100528)
[    0.000000] ACPI: FACS 0x000000003FFF0200 000040
[    0.000000] ACPI: FACS 0x000000003FFF0200 000040
[    0.000000] ACPI: APIC 0x000000003FFF0240 00005C (v02 VBOX   VBOXAPIC 00000001 ASL  00000061)
[    0.000000] ACPI: SSDT 0x000000003FFF02A0 0001CC (v01 VBOX   VBOXCPUT 00000002 INTL 20100528)
[    0.000000] No NUMA configuration found
[    0.000000] Faking a node at [mem 0x0000000000000000-0x000000003ffeffff]
[    0.000000] NODE_DATA(0) allocated [mem 0x3ffeb000-0x3ffeffff]
[    0.000000] kvm-clock: Using msrs 4b564d01 and 4b564d00
[    0.000000] kvm-clock: cpu 0, msr 0:3ffe3001, primary cpu clock
[    0.000000] kvm-clock: using sched offset of 4274282475 cycles
[    0.000000] clocksource: kvm-clock: mask: 0xffffffffffffffff max_cycles: 0x1cd42e4dffb, max_idle_ns: 881590591483 ns
[    0.000000] Zone ranges:
[    0.000000]   DMA      [mem 0x0000000000001000-0x0000000000ffffff]
[    0.000000]   DMA32    [mem 0x0000000001000000-0x000000003ffeffff]
[    0.000000]   Normal   empty
[    0.000000]   Device   empty
[    0.000000] Movable zone start for each node
[    0.000000] Early memory node ranges
[    0.000000]   node   0: [mem 0x0000000000001000-0x000000000009efff]
[    0.000000]   node   0: [mem 0x0000000000100000-0x000000003ffeffff]
[    0.000000] Initmem setup node 0 [mem 0x0000000000001000-0x000000003ffeffff]
[    0.000000] ACPI: PM-Timer IO Port: 0x4008
[    0.000000] IOAPIC[0]: apic_id 2, version 32, address 0xfec00000, GSI 0-23
[    0.000000] ACPI: INT_SRC_OVR (bus 0 bus_irq 0 global_irq 2 dfl dfl)
[    0.000000] ACPI: INT_SRC_OVR (bus 0 bus_irq 9 global_irq 9 high level)
[    0.000000] Using ACPI (MADT) for SMP configuration information
[    0.000000] smpboot: Allowing 2 CPUs, 0 hotplug CPUs
[    0.000000] PM: Registered nosave memory: [mem 0x00000000-0x00000fff]
[    0.000000] PM: Registered nosave memory: [mem 0x0009f000-0x0009ffff]
[    0.000000] PM: Registered nosave memory: [mem 0x000a0000-0x000effff]
[    0.000000] PM: Registered nosave memory: [mem 0x000f0000-0x000fffff]
[    0.000000] e820: [mem 0x40000000-0xfebfffff] available for PCI devices
[    0.000000] Booting paravirtualized kernel on KVM
[    0.000000] clocksource: refined-jiffies: mask: 0xffffffff max_cycles: 0xffffffff, max_idle_ns: 7645519600211568 ns
[    0.000000] setup_percpu: NR_CPUS:512 nr_cpumask_bits:512 nr_cpu_ids:2 nr_node_ids:1
[    0.000000] PERCPU: Embedded 34 pages/cpu @ffff88003fc00000 s98328 r8192 d32744 u1048576
[    0.000000] PV qspinlock hash table entries: 256 (order: 0, 4096 bytes)
[    0.000000] Built 1 zonelists in Node order, mobility grouping on.  Total pages: 257913
[    0.000000] Policy zone: DMA32
[    0.000000] Kernel command line: BOOT_IMAGE=/boot/vmlinuz-4.4.0-98-generic root=UUID=b5702e2b-9f3b-42ad-8248-878e16b622c8 ro console=tty1 console=ttyS0
[    0.000000] PID hash table entries: 4096 (order: 3, 32768 bytes)
[    0.000000] Memory: 997332K/1048120K available (8484K kernel code, 1294K rwdata, 3988K rodata, 1492K init, 1316K bss, 50788K reserved, 0K cma-reserved)
[    0.000000] SLUB: HWalign=64, Order=0-3, MinObjects=0, CPUs=2, Nodes=1
[    0.000000] Hierarchical RCU implementation.
[    0.000000] 	Build-time adjustment of leaf fanout to 64.
[    0.000000] 	RCU restricting CPUs from NR_CPUS=512 to nr_cpu_ids=2.
[    0.000000] RCU: Adjusting geometry for rcu_fanout_leaf=64, nr_cpu_ids=2
[    0.000000] NR_IRQS:33024 nr_irqs:440 16
[    0.000000] Console: colour VGA+ 80x25
[    0.000000] console [tty1] enabled
[    0.000000] console [ttyS0] enabled
[    0.000000] tsc: Detected 2294.770 MHz processor
[    1.534180] Calibrating delay loop (skipped) preset value.. 4589.54 BogoMIPS (lpj=9179080)
[    1.552872] pid_max: default: 32768 minimum: 301
[    1.563157] ACPI: Core revision 20150930
[    1.579506] ACPI: 2 ACPI AML tables successfully acquired and loaded
[    1.596408] Security Framework initialized
[    1.598805] Yama: becoming mindful.
[    1.609421] AppArmor: AppArmor initialized
[    1.619610] Dentry cache hash table entries: 131072 (order: 8, 1048576 bytes)
[    1.628899] Inode-cache hash table entries: 65536 (order: 7, 524288 bytes)
[    1.634224] Mount-cache hash table entries: 2048 (order: 2, 16384 bytes)
[    1.637434] Mountpoint-cache hash table entries: 2048 (order: 2, 16384 bytes)
[    1.645029] Initializing cgroup subsys io
[    1.651208] Initializing cgroup subsys memory
[    1.670014] Initializing cgroup subsys devices
[    1.677107] Initializing cgroup subsys freezer
[    1.693177] Initializing cgroup subsys net_cls
[    1.699784] Initializing cgroup subsys perf_event
[    1.736904] Initializing cgroup subsys net_prio
[    1.757763] Initializing cgroup subsys hugetlb
[    1.769352] Initializing cgroup subsys pids
[    1.771097] CPU: Physical Processor ID: 0
[    1.783426] CPU: Processor Core ID: 0
[    1.787617] mce: CPU supports 0 MCE banks
[    1.831816] Last level iTLB entries: 4KB 512, 2MB 8, 4MB 8
[    1.867881] Last level dTLB entries: 4KB 512, 2MB 32, 4MB 32, 1GB 0
[    1.903852] Freeing SMP alternatives memory: 32K
[    1.928866] ftrace: allocating 32154 entries in 126 pages
[    2.010281] smpboot: APIC(0) Converting physical 0 to logical package 0
[    2.031042] smpboot: Max logical packages: 1
[    2.042738] x2apic enabled
[    2.048192] Switched APIC routing to physical x2apic.
[    2.056438] ..TIMER: vector=0x30 apic1=0 pin1=2 apic2=-1 pin2=-1
[    2.186481] smpboot: CPU0: Intel(R) Core(TM) i5-2415M CPU @ 2.30GHz (family: 0x6, model: 0x2a, stepping: 0x7)
[    2.231339] Performance Events: unsupported p6 CPU model 42 no PMU driver, software events only.
[    2.248738] KVM setup paravirtual spinlock
[    2.261848] x86: Booting SMP configuration:
[    2.304169] .... node  #0, CPUs:      #1
[    2.308711] kvm-clock: cpu 1, msr 0:3ffe3041, secondary cpu clock
[    2.323485] mce: CPU supports 0 MCE banks
[    2.328335] x86: Booted up 1 node, 2 CPUs
[    2.336842] smpboot: Total of 2 processors activated (9179.08 BogoMIPS)
[    2.343080] devtmpfs: initialized
[    2.352169] evm: security.selinux
[    2.353421] evm: security.SMACK64
[    2.354746] evm: security.SMACK64EXEC
[    2.359163] evm: security.SMACK64TRANSMUTE
[    2.360995] evm: security.SMACK64MMAP
[    2.362486] evm: security.ima
[    2.366602] evm: security.capability
[    2.374654] clocksource: jiffies: mask: 0xffffffff max_cycles: 0xffffffff, max_idle_ns: 7645041785100000 ns
[    2.378668] futex hash table entries: 512 (order: 3, 32768 bytes)
[    2.392299] pinctrl core: initialized pinctrl subsystem
[    2.395143] RTC time: 10:26:26, date: 11/09/17
[    2.401156] NET: Registered protocol family 16
[    2.414752] cpuidle: using governor ladder
[    2.427348] cpuidle: using governor menu
[    2.454666] PCCT header not found.
[    2.465684] ACPI: bus type PCI registered
[    2.468378] acpiphp: ACPI Hot Plug PCI Controller Driver version: 0.5
[    2.481755] PCI: Using configuration type 1 for base access
[    2.496275] ACPI: Added _OSI(Module Device)
[    2.504848] ACPI: Added _OSI(Processor Device)
[    2.520129] ACPI: Added _OSI(3.0 _SCP Extensions)
[    2.523077] ACPI: Added _OSI(Processor Aggregator Device)
[    2.527520] ACPI: Executed 1 blocks of module-level executable AML code
[    2.537591] ACPI: Interpreter enabled
[    2.548222] ACPI: (supports S0 S5)
[    2.555161] ACPI: Using IOAPIC for interrupt routing
[    2.558937] PCI: Using host bridge windows from ACPI; if necessary, use "pci=nocrs" and report a bug
[    2.584709] ACPI: PCI Root Bridge [PCI0] (domain 0000 [bus 00-ff])
[    2.597993] acpi PNP0A03:00: _OSC: OS supports [ASPM ClockPM Segments MSI]
[    2.604547] acpi PNP0A03:00: _OSC failed (AE_NOT_FOUND); disabling ASPM
[    2.609372] acpi PNP0A03:00: fail to add MMCONFIG information, can't access extended PCI configuration space under this bridge.
[    2.639588] PCI host bridge to bus 0000:00
[    2.641297] pci_bus 0000:00: root bus resource [io  0x0000-0x0cf7 window]
[    2.651618] pci_bus 0000:00: root bus resource [io  0x0d00-0xffff window]
[    2.662061] pci_bus 0000:00: root bus resource [mem 0x000a0000-0x000bffff window]
[    2.671569] pci_bus 0000:00: root bus resource [mem 0x40000000-0xffdfffff window]
[    2.676639] pci_bus 0000:00: root bus resource [bus 00-ff]
[    2.691723] pci 0000:00:01.1: legacy IDE quirk: reg 0x10: [io  0x01f0-0x01f7]
[    2.701106] pci 0000:00:01.1: legacy IDE quirk: reg 0x14: [io  0x03f6]
[    2.705305] pci 0000:00:01.1: legacy IDE quirk: reg 0x18: [io  0x0170-0x0177]
[    2.714909] pci 0000:00:01.1: legacy IDE quirk: reg 0x1c: [io  0x0376]
[    2.752404] pci 0000:00:07.0: quirk: [io  0x4000-0x403f] claimed by PIIX4 ACPI
[    2.772836] pci 0000:00:07.0: quirk: [io  0x4100-0x410f] claimed by PIIX4 SMB
[    2.795294] ACPI: PCI Interrupt Link [LNKA] (IRQs 5 9 10 *11)
[    2.799609] ACPI: PCI Interrupt Link [LNKB] (IRQs 5 9 10 *11)
[    2.831210] ACPI: PCI Interrupt Link [LNKC] (IRQs 5 9 *10 11)
[    2.861827] ACPI: PCI Interrupt Link [LNKD] (IRQs 5 *9 10 11)
[    2.871555] ACPI: Enabled 2 GPEs in block 00 to 07
[    2.874288] vgaarb: setting as boot device: PCI:0000:00:02.0
[    2.893790] vgaarb: device added: PCI:0000:00:02.0,decodes=io+mem,owns=io+mem,locks=none
[    2.911124] vgaarb: loaded
[    2.924864] vgaarb: bridge control possible 0000:00:02.0
[    2.934372] SCSI subsystem initialized
[    2.940468] ACPI: bus type USB registered
[    2.949198] usbcore: registered new interface driver usbfs
[    2.955350] usbcore: registered new interface driver hub
[    2.960985] usbcore: registered new device driver usb
[    2.965861] PCI: Using ACPI for IRQ routing
[    2.968333] NetLabel: Initializing
[    2.969822] NetLabel:  domain hash size = 128
[    2.974068] NetLabel:  protocols = UNLABELED CIPSOv4
[    2.997407] NetLabel:  unlabeled traffic allowed by default
[    3.008162] amd_nb: Cannot enumerate AMD northbridges
[    3.018564] clocksource: Switched to clocksource kvm-clock
[    3.083466] AppArmor: AppArmor Filesystem Enabled
[    3.092447] pnp: PnP ACPI init
[    3.101832] pnp: PnP ACPI: found 3 devices
[    3.132185] clocksource: acpi_pm: mask: 0xffffff max_cycles: 0xffffff, max_idle_ns: 2085701024 ns
[    3.144718] NET: Registered protocol family 2
[    3.151779] TCP established hash table entries: 8192 (order: 4, 65536 bytes)
[    3.187847] TCP bind hash table entries: 8192 (order: 5, 131072 bytes)
[    3.196648] TCP: Hash tables configured (established 8192 bind 8192)
[    3.203729] UDP hash table entries: 512 (order: 2, 16384 bytes)
[    3.245317] UDP-Lite hash table entries: 512 (order: 2, 16384 bytes)
[    3.284244] NET: Registered protocol family 1
[    3.299006] pci 0000:00:00.0: Limiting direct PCI/PCI transfers
[    3.333813] pci 0000:00:01.0: Activating ISA DMA hang workarounds
[    3.358743] Unpacking initramfs...
[    3.731605] Freeing initrd memory: 15232K
[    3.734951] RAPL PMU detected, API unit is 2^-32 Joules, 3 fixed counters 10737418240 ms ovfl timer
[    3.752359] hw unit of domain pp0-core 2^-0 Joules
[    3.753624] hw unit of domain package 2^-0 Joules
[    3.762872] hw unit of domain pp1-gpu 2^-0 Joules
[    3.775379] platform rtc_cmos: registered platform RTC device (no PNP device found)
[    3.784425] Scanning for low memory corruption every 60 seconds
[    3.788245] audit: initializing netlink subsys (disabled)
[    3.793507] audit: type=2000 audit(1510223191.310:1): initialized
[    3.810188] Initialise system trusted keyring
[    3.825076] HugeTLB registered 2 MB page size, pre-allocated 0 pages
[    3.840630] zbud: loaded
[    3.847853] VFS: Disk quotas dquot_6.6.0
[    3.867752] VFS: Dquot-cache hash table entries: 512 (order 0, 4096 bytes)
[    3.871153] squashfs: version 4.0 (2009/01/31) Phillip Lougher
[    3.879174] fuse init (API version 7.23)
[    3.892474] Key type big_key registered
[    3.921530] Allocating IMA MOK and blacklist keyrings.
[    3.950737] Key type asymmetric registered
[    3.957349] Asymmetric key parser 'x509' registered
[    3.960711] Block layer SCSI generic (bsg) driver version 0.4 loaded (major 249)
[    3.976481] io scheduler noop registered
[    3.988776] io scheduler deadline registered (default)
[    3.997714] io scheduler cfq registered
[    4.014571] pci_hotplug: PCI Hot Plug PCI Core version: 0.5
[    4.020370] pciehp: PCI Express Hot Plug Controller Driver version: 0.4
[    4.022966] ACPI: AC Adapter [AC] (off-line)
[    4.036848] input: Power Button as /devices/LNXSYSTM:00/LNXPWRBN:00/input/input0
[    4.039931] ACPI: Power Button [PWRF]
[    4.050525] input: Sleep Button as /devices/LNXSYSTM:00/LNXSLPBN:00/input/input1
[    4.057945] ACPI: Sleep Button [SLPF]
[    4.067190] ACPI: Battery Slot [BAT0] (battery present)
[    4.072003] GHES: HEST is not enabled!
[    4.076762] Serial: 8250/16550 driver, 32 ports, IRQ sharing enabled
[    4.102215] 00:02: ttyS0 at I/O 0x3f8 (irq = 4, base_baud = 115200) is a 16550A
[    4.129139] Linux agpgart interface v0.103
[    4.141674] loop: module loaded
[    4.161501] scsi host0: ata_piix
[    4.183542] scsi host1: ata_piix
[    4.210731] ata1: PATA max UDMA/33 cmd 0x1f0 ctl 0x3f6 bmdma 0xd000 irq 14
[    4.373495] ata2: PATA max UDMA/33 cmd 0x170 ctl 0x376 bmdma 0xd008 irq 15
[    4.482659] libphy: Fixed MDIO Bus: probed
[    4.584877] tun: Universal TUN/TAP device driver, 1.6
[    4.617724] tun: (C) 1999-2004 Max Krasnyansky <maxk@qualcomm.com>
[    4.621415] PPP generic driver version 2.4.2
[    4.628314] ehci_hcd: USB 2.0 'Enhanced' Host Controller (EHCI) Driver
[    4.633488] ehci-pci: EHCI PCI platform driver
[    4.636533] ehci-platform: EHCI generic platform driver
[    4.637934] ohci_hcd: USB 1.1 'Open' Host Controller (OHCI) Driver
[    4.647893] ohci-pci: OHCI PCI platform driver
[    4.664376] ohci-platform: OHCI generic platform driver
[    4.672620] uhci_hcd: USB Universal Host Controller Interface driver
[    4.682783] i8042: PNP: PS/2 Controller [PNP0303:PS2K,PNP0f03:PS2M] at 0x60,0x64 irq 1,12
[    4.693158] serio: i8042 KBD port at 0x60,0x64 irq 1
[    4.695176] serio: i8042 AUX port at 0x60,0x64 irq 12
[    4.713233] mousedev: PS/2 mouse device common for all mice
[    4.743282] input: AT Translated Set 2 keyboard as /devices/platform/i8042/serio0/input/input2
[    4.778005] rtc_cmos rtc_cmos: rtc core: registered rtc_cmos as rtc0
[    4.792798] rtc_cmos rtc_cmos: alarms up to one day, 114 bytes nvram
[    4.799134] i2c /dev entries driver
[    4.799498] tsc: Refined TSC clocksource calibration: 2295.439 MHz
[    4.799502] clocksource: tsc: mask: 0xffffffffffffffff max_cycles: 0x21166098ee2, max_idle_ns: 440795319338 ns
[    4.826861] device-mapper: uevent: version 1.0.3
[    4.837199] device-mapper: ioctl: 4.34.0-ioctl (2015-10-28) initialised: dm-devel@redhat.com
[    4.857436] ledtrig-cpu: registered to indicate activity on CPUs
[    4.864518] NET: Registered protocol family 10
[    4.924252] NET: Registered protocol family 17
[    4.960817] Key type dns_resolver registered
[    4.997911] microcode: CPU0 sig=0x206a7, pf=0x10, revision=0x0
[    5.017926] microcode: CPU1 sig=0x206a7, pf=0x10, revision=0x0
[    5.023910] microcode: Microcode Update Driver: v2.01 <tigran@aivazian.fsnet.co.uk>, Peter Oruba
[    5.054352] registered taskstats version 1
[    5.067267] Loading compiled-in X.509 certificates
[    5.074344] Loaded X.509 cert 'Build time autogenerated kernel key: 7431eaeda5a51458aeb00f8de0f18f89e178d882'
[    5.092426] zswap: loaded using pool lzo/zbud
[    5.108556] Key type trusted registered
[    5.126785] Key type encrypted registered
[    5.138448] AppArmor: AppArmor sha1 policy hashing enabled
[    5.140739] ima: No TPM chip found, activating TPM-bypass!
[    5.150305] evm: HMAC attrs: 0x1
[    5.158158]   Magic number: 9:141:426
[    5.161148] rtc_cmos rtc_cmos: setting system clock to 2017-11-09 10:26:29 UTC (1510223189)
[    5.173852] BIOS EDD facility v0.16 2004-Jun-25, 0 devices found
[    5.180032] EDD information not available.
[    5.185100] Freeing unused kernel memory: 1492K
[    5.232448] Write protecting the kernel read-only data: 14336k
[    5.237405] Freeing unused kernel memory: 1744K
[    5.247058] Freeing unused kernel memory: 108K
Loading, please [    5.280771] random: systemd-udevd: uninitialized urandom read (16 bytes read, 3 bits of entropy available)
wait...
startin[    5.281839] random: udevadm: uninitialized urandom read (16 bytes read, 3 bits of entropy available)
g version 229
[    5.281877] random: udevadm: uninitialized urandom read (16 bytes read, 3 bits of entropy available)
[    5.296151] random: udevadm: uninitialized urandom read (16 bytes read, 3 bits of entropy available)
[    5.296243] random: udevadm: uninitialized urandom read (16 bytes read, 3 bits of entropy available)
[    5.296424] random: udevadm: uninitialized urandom read (16 bytes read, 3 bits of entropy available)
[    5.296485] random: udevadm: uninitialized urandom read (16 bytes read, 3 bits of entropy available)
[    5.296542] random: udevadm: uninitialized urandom read (16 bytes read, 3 bits of entropy available)
[    5.296598] random: udevadm: uninitialized urandom read (16 bytes read, 3 bits of entropy available)
[    5.296654] random: udevadm: uninitialized urandom read (16 bytes read, 3 bits of entropy available)
[    5.496329] e1000: Intel(R) PRO/1000 Network Driver - version 7.3.21-k8-NAPI
[    5.513629] e1000: Copyright (c) 1999-2006 Intel Corporation.
[    5.528982] Fusion MPT base driver 3.04.20
[    5.539008] Copyright (c) 1999-2008 LSI Corporation
[    5.551462] Fusion MPT SPI Host driver 3.04.20
[    5.590709] AVX version of gcm_enc/dec engaged.
[    5.602764] AES CTR mode by8 optimization enabled
[    5.766682] input: ImExPS/2 Generic Explorer Mouse as /devices/platform/i8042/serio1/input/input4
[    5.953703] e1000 0000:00:03.0 eth0: (PCI:33MHz:32-bit) 02:51:17:41:23:cb
[    5.962936] e1000 0000:00:03.0 eth0: Intel(R) PRO/1000 Network Connection
[    6.017983] mptbase: ioc0: Initiating bringup
[    6.018785] e1000 0000:00:03.0 enp0s3: renamed from eth0
[    6.102386] ioc0: LSI53C1030 A0: Capabilities={Initiator}
[    6.294755] scsi host2: ioc0: LSI53C1030 A0, FwRev=00000000h, Ports=1, MaxQ=256, IRQ=20
[    6.443977] scsi 2:0:0:0: Direct-Access     VBOX     HARDDISK         1.0  PQ: 0 ANSI: 5
[    6.456258] scsi target2:0:0: Beginning Domain Validation
[    6.483988] scsi target2:0:0: Domain Validation skipping write tests
[    6.504601] scsi target2:0:0: Ending Domain Validation
[    6.520541] scsi target2:0:0: asynchronous
[    6.567707] scsi 2:0:1:0: Direct-Access     VBOX     HARDDISK         1.0  PQ: 0 ANSI: 5
[    6.655856] scsi target2:0:1: Beginning Domain Validation
[    6.683104] scsi target2:0:1: Domain Validation skipping write tests
[    6.690969] scsi target2:0:1: Ending Domain Validation
[    6.703886] scsi target2:0:1: asynchronous
[    6.748669] sd 2:0:0:0: Attached scsi generic sg0 type 0
[    6.751895] sd 2:0:0:0: [sda] 20971520 512-byte logical blocks: (10.7 GB/10.0 GiB)
[    6.766619] sd 2:0:0:0: [sda] Write Protect is off
[    6.770522] sd 2:0:1:0: [sdb] 20480 512-byte logical blocks: (10.5 MB/10.0 MiB)
[    6.770645] sd 2:0:1:0: Attached scsi generic sg1 type 0
[    6.774706] sd 2:0:0:0: [sda] Incomplete mode parameter data
[    6.774707] sd 2:0:0:0: [sda] Assuming drive cache: write through
[    6.778944]  sda: sda1
[    6.780060] sd 2:0:0:0: [sda] Attached SCSI disk
[    6.838635] sd 2:0:1:0: [sdb] Write Protect is off
[    6.846742] sd 2:0:1:0: [sdb] Incomplete mode parameter data
[    6.853040] sd 2:0:1:0: [sdb] Assuming drive cache: write through
[    6.895184] sd 2:0:1:0: [sdb] Attached SCSI disk
[    8.533665] floppy0: no floppy controllers found
Begin: Loading e[   10.066179] md: linear personality registered for level -1
ssential drivers[   10.118474] md: multipath personality registered for level -4
 ... [   10.135550] md: raid0 personality registered for level 0
[   10.161731] md: raid1 personality registered for level 1
[   10.234605] raid6: sse2x1   gen()  6386 MB/s
[   10.310932] raid6: sse2x1   xor()  5172 MB/s
[   10.394865] raid6: sse2x2   gen()  8516 MB/s
[   10.462838] raid6: sse2x2   xor()  6032 MB/s
[   10.530894] raid6: sse2x4   gen()  9261 MB/s
[   10.598609] raid6: sse2x4   xor()  6694 MB/s
[   10.599809] raid6: using algorithm sse2x4 gen() 9261 MB/s
[   10.616334] raid6: .... xor() 6694 MB/s, rmw enabled
[   10.643207] raid6: using ssse3x2 recovery algorithm
[   10.655572] xor: automatically using best checksumming function:
[   10.711092]    avx       : 14858.000 MB/sec
[   10.726815] async_tx: api initialized (async)
[   10.739996] md: raid6 personality registered for level 6
[   10.753023] md: raid5 personality registered for level 5
[   10.761495] md: raid4 personality registered for level 4
[   10.785609] md: raid10 personality registered for level 10
done.
Begin: Running /scripts/init-premount ... done.
Begin: Mounting root file system ... Begin: Running /scripts/local-top ... done.
Begin: Running /scripts/local-premount ... [   10.841216] Btrfs loaded
Scanning for Btrfs filesystems
done.
Warning: fsck no[   10.900475] EXT4-fs (sda1): INFO: recovery required on readonly filesystem
t present, so sk[   10.922786] EXT4-fs (sda1): write access will be enabled during recovery
ipping root file system
[   11.101577] EXT4-fs (sda1): orphan cleanup on readonly fs
[   11.108814] EXT4-fs (sda1): 2 orphan inodes deleted
[   11.130636] EXT4-fs (sda1): recovery complete
[   11.141446] EXT4-fs (sda1): mounted filesystem with ordered data mode. Opts: (null)
done.
Begin: Running /scripts/local-bottom ... done.
Begin: Running /scripts/init-bottom ... done.
[   11.329270] systemd[1]: systemd 229 running in system mode. (+PAM +AUDIT +SELINUX +IMA +APPARMOR +SMACK +SYSVINIT +UTMP +LIBCRYPTSETUP +GCRYPT +GNUTLS +ACL +XZ -LZ4 +SECCOMP +BLKID +ELFUTILS +KMOD -IDN)
[   11.350278] systemd[1]: Detected virtualization oracle.
[   11.418258] systemd[1]: Detected architecture x86-64.

Welcome to [1mUbuntu 16.04.3 LTS[0m!

[   11.440573] systemd[1]: Set hostname to <ubuntu-xenial>.
[   11.681113] systemd[1]: Listening on Device-mapper event daemon FIFOs.
[[0;32m  OK  [0m] Listening on Device-mapper event daemon FIFOs.
[   11.720900] systemd[1]: Listening on Syslog Socket.
[[0;32m  OK  [0m] Listening on Syslog Socket.
[   11.751620] systemd[1]: Listening on Journal Socket.
[[0;32m  OK  [0m] Listening on Journal Socket.
[   11.771398] systemd[1]: Listening on LVM2 metadata daemon socket.
[[0;32m  OK  [0m] Listening on LVM2 metadata daemon socket.
[   11.816732] systemd[1]: Listening on udev Control Socket.
[[0;32m  OK  [0m] Listening on udev Control Socket.
[   11.859060] systemd[1]: Started Trigger resolvconf update for networkd DNS.
[[0;32m  OK  [0m] Started Trigger resolvconf update for networkd DNS.
[   11.900435] systemd[1]: Listening on /dev/initctl Compatibility Named Pipe.
[[0;32m  OK  [0m] Listening on /dev/initctl Compatibility Named Pipe.
[   11.932365] systemd[1]: Reached target User and Group Name Lookups.
[[0;32m  OK  [0m] Reached target User and Group Name Lookups.
[   11.955447] systemd[1]: Listening on Journal Audit Socket.
[[0;32m  OK  [0m] Listening on Journal Audit Socket.
[   11.979041] systemd[1]: Listening on Journal Socket (/dev/log).
[[0;32m  OK  [0m] Listening on Journal Socket (/dev/log).
[   12.007383] systemd[1]: Set up automount Arbitrary Executable File Formats File System Automount Point.
[[0;32m  OK  [0m] Set up automount Arbitrary Executab...ats File System Automount Point.
[   12.071522] systemd[1]: Created slice User and Session Slice.
[[0;32m  OK  [0m] Created slice User and Session Slice.
[   12.095241] systemd[1]: Started Forward Password Requests to Wall Directory Watch.
[[0;32m  OK  [0m] Started Forward Password Requests to Wall Directory Watch.
[   12.111581] systemd[1]: Listening on udev Kernel Socket.
[[0;32m  OK  [0m] Listening on udev Kernel Socket.
[   12.147466] systemd[1]: Listening on LVM2 poll daemon socket.
[[0;32m  OK  [0m] Listening on LVM2 poll daemon socket.
[   12.175226] systemd[1]: Reached target Encrypted Volumes.
[[0;32m  OK  [0m] Reached target Encrypted Volumes.
[   12.207412] systemd[1]: Created slice System Slice.
[[0;32m  OK  [0m] Created slice System Slice.
[   12.235224] systemd[1]: Starting Nameserver information manager...
         Starting Nameserver information manager...
[   12.276658] systemd[1]: Reached target Slices.
[[0;32m  OK  [0m] Reached target Slices.
[   12.391465] systemd[1]: Starting Load Kernel Modules...
         Starting Load Kernel Modules...
[   12.407769] systemd[1]: Starting Create list of required static device nodes for the current kernel...
         [   12.431037] Loading iSCSI transport class v2.0-870.
Starting Create list of required[   12.445173] iscsi: registered transport (tcp)
 st... nodes for the current kernel...
[   12.552481] iscsi: registered transport (iser)
[   12.630815] systemd[1]: Starting Monitoring of LVM2 mirrors, snapshots etc. using dmeventd or progress polling...
[   12.658301] random: nonblocking pool is initialized
         Starting Monitoring of LVM2 mirrors... dmeventd or progress polling...
[   12.699237] systemd[1]: Starting Set console keymap...
         Starting Set console keymap...
[   12.719838] systemd[1]: Starting Journal Service...
         Starting Journal Service...
[   12.787735] systemd[1]: Created slice system-postgresql.slice.
[[0;32m  OK  [0m] Created slice system-postgresql.slice.
[   12.863468] systemd[1]: Starting Uncomplicated firewall...
         Starting Uncomplicated firewall...
[   12.955075] systemd[1]: Mounting POSIX Message Queue File System...
         Mounting POSIX Message Queue File System...
[   12.991447] systemd[1]: Mounting Huge Pages File System...
         Mounting Huge Pages File System...
[   13.019642] systemd[1]: Created slice system-serial\x2dgetty.slice.
[[0;32m  OK  [0m] Created slice system-serial\x2dgetty.slice.
[   13.054958] systemd[1]: Mounting Debug File System...
         Mounting Debug File System...
[   13.081203] systemd[1]: Starting Remount Root and Kernel File Systems...
[   13.085029] EXT4-fs (sda1): re-mounted. Opts: (null)
         Starting Remount Root and Kernel File Systems...
[   13.147620] systemd[1]: Reached target Swap.
[[0;32m  OK  [0m] Reached target Swap.
[   13.192055] systemd[1]: Mounted POSIX Message Queue File System.
[[0;32m  OK  [0m] Mounted POSIX Message Queue File System.
[   13.230972] systemd[1]: Mounted Huge Pages File System.
[[0;32m  OK  [0m] Mounted Huge Pages File System.
[   13.283435] systemd[1]: Mounted Debug File System.
[[0;32m  OK  [0m] Mounted Debug File System.
[   13.315359] systemd[1]: Started Journal Service.
[[0;32m  OK  [0m] Started Journal Service.
[[0;32m  OK  [0m] Started Load Kernel Modules.
[[0;32m  OK  [0m] Started Create list of required sta...ce nodes for the current kernel.
[[0;32m  OK  [0m] Started Set console keymap.
[[0;32m  OK  [0m] Started Uncomplicated firewall.
[[0;32m  OK  [0m] Started Remount Root and Kernel File Systems.
[[0;32m  OK  [0m] Started Nameserver information manager.
[[0;32m  OK  [0m] Started LVM2 metadata daemon.
         Starting udev Coldplug all Devices...
         Starting Load/Save Random Seed...
         Starting Initial cloud-init job (pre-networking)...
         Starting Create Static Device Nodes in /dev...
         Starting Apply Kernel Variables...
         Mounting FUSE Control File System...
         Starting Flush Journal to Persistent Storage...
[[0;32m  OK  [0m] Mounted FUSE Control File System.
[[0;32m  OK  [0m] Started Load/Save Random Seed.
[[0;32m  OK  [0m] Started Create Static Device Nodes in /dev.
[[0;32m  OK  [0m] Started Apply Kernel Variables.
[[0;32m  OK  [0m] Started udev Coldplug all Devices.
[[0;32m  OK  [0m] Started Flush Journal to Persistent Storage.
         Starting udev Kernel Device Manager...
[[0;32m  OK  [0m] Started udev Kernel Device Manager.
[[0;32m  OK  [0m] Started Monitoring of LVM2 mirrors,...ng dmeventd or progress polling.
[[0;32m  OK  [0m] Reached target Local File Systems (Pre).
[[0;32m  OK  [0m] Reached target Local File Systems.
         Starting LSB: AppArmor initialization...
         Starting Set console font and keymap...
         Starting Tell Plymouth To Write Out Runtime Data...
         Starting Create Volatile Files and Directories...
[[0;32m  OK  [0m] Started Dispatch Password Requests to Console Directory Watch.
[[0;32m  OK  [0m] Started Tell Plymouth To Write Out Runtime Data.
[[0;32m  OK  [0m] Started Create Volatile Files and Directories.
[[0;32m  OK  [0m] Found device /dev/ttyS0.
         Starting Update UTMP about System Boot/Shutdown...
[[0;32m  OK  [0m] Reached target System Time Synchronized.
[[0;32m  OK  [0m] Started LSB: AppArmor initialization.
[[0;32m  OK  [0m] Started Update UTMP about System Boot/Shutdown.
[[0;32m  OK  [0m] Started Set console font and keymap.
[[0;32m  OK  [0m] Listening on Load/Save RF Kill Switch Status /dev/rfkill Watch.
[[0;32m  OK  [0m] Created slice system-getty.slice.
[   13.233172] cloud-init[459]: Cloud-init v. 0.7.9 running 'init-local' at Thu, 09 Nov 2017 10:26:39 +0000. Up 12.37 seconds.
[[0;32m  OK  [0m] Found device 82540EM Gigabit Ethern...r (PRO/1000 MT Desktop Adapter).
[[0;32m  OK  [0m] Started Initial cloud-init job (pre-networking).
[[0;32m  OK  [0m] Reached target Network (Pre).
[[0;32m  OK  [0m] Started ifup for enp0s3.
         Starting Raise network interfaces...
[[0;32m  OK  [0m] Started Raise network interfaces.
[[0;32m  OK  [0m] Reached target Network.
         Starting Initial cloud-init job (metadata service crawler)...
[   16.170603] cloud-init[974]: Cloud-init v. 0.7.9 running 'init' at Thu, 09 Nov 2017 10:26:42 +0000. Up 15.65 seconds.
[   16.256838] cloud-init[974]: ci-info: +++++++++++++++++++++++++++++++++++++Net device info++++++++++++++++++++++++++++++++++++++
[   16.268433] cloud-init[974]: ci-info: +--------+------+----------------------------+---------------+-------+-------------------+
[   16.268795] cloud-init[974]: ci-info: | Device |  Up  |          Address           |      Mask     | Scope |     Hw-Address    |
[[0;32m  OK  [0m] Started Initial cloud-init job (metadata service crawler).
[   16.268942] cloud-init[974]: ci-info: +--------+------+----------------------------+---------------+-------+-------------------+
[   16.432666] cloud-init[974]: ci-info: | enp0s3 | True |         10.0.2.15          | 255.255.255.0 |   .   | 02:51:17:41:23:cb |
[   16.433369] cloud-init[974]: ci-info: | enp0s3 | True | fe80::51:17ff:fe41:23cb/64 |       .       |  link | 02:51:17:41:23:cb |
[[0;32m  OK  [0m] Reached target Network is Online.
[   16.433608] cloud-init[974]: ci-info: |   lo   | True |         127.0.0.1          |   255.0.0.0   |   .   |         .         |
[   16.540910] cloud-init[974]: ci-info: |   lo   | True |          ::1/128           |       .       |  host |         .         |
[   16.541820] cloud-init[974]: ci-info: +--------+------+----------------------------+---------------+-------+-------------------+
         Starting iSCSI initiator daemon (iscsid)...
[   16.542118] cloud-init[974]: ci-info: +++++++++++++++++++++++++++Route IPv4 info++++++++++++++++++++++++++++
[   16.653498] cloud-init[974]: ci-info: +-------+-------------+----------+---------------+-----------+-------+
[[0;32m  OK  [0m] Reached target Cloud-config availability.
[   16.653689] cloud-init[974]: ci-info: | Route | Destination | Gateway  |    Genmask    | Interface | Flags |
[   16.743554] cloud-init[974]: ci-info: +-------+-------------+----------+---------------+-----------+-------+
[[0;32m  OK  [0m] Reached target System Initialization.
[   16.743782] cloud-init[974]: ci-info: |   0   |   0.0.0.0   | 10.0.2.2 |    0.0.0.0    |   enp0s3  |   UG  |
[   16.899525] cloud-init[974]: ci-info: |   1   |   10.0.2.0  | 0.0.0.0  | 255.255.255.0 |   enp0s3  |   U   |
[   16.900156] cloud-init[974]: ci-info: +-------+-------------+----------+---------------+-----------+-------+
[[0;32m  OK  [0m] Started ACPI Events Check.
[[0;32m  OK  [0m] Reached target Paths.
[[0;32m  OK  [0m] Started Daily apt download activities.
[[0;32m  OK  [0m] Listening on D-Bus System Message Bus Socket.
         Starting Socket activation for snappy daemon.
[[0;32m  OK  [0m] Listening on ACPID Listen Socket.
[[0;32m  OK  [0m] Started Daily Cleanup of Temporary Directories.
[[0;32m  OK  [0m] Started Timer to automatically fetch and run repair assertions.
[[0;32m  OK  [0m] Listening on UUID daemon activation socket.
[[0;32m  OK  [0m] Started Timer to automatically refresh installed snaps.
[[0;32m  OK  [0m] Started Daily apt upgrade and clean activities.
[[0;32m  OK  [0m] Reached target Timers.
         Starting LXD - unix socket.
[[0;32m  OK  [0m] Listening on Socket activation for snappy daemon.
[[0;32m  OK  [0m] Listening on LXD - unix socket.
[[0;32m  OK  [0m] Started iSCSI initiator daemon (iscsid).
         Starting Login to default iSCSI targets...
[[0;32m  OK  [0m] Reached target Sockets.
[[0;32m  OK  [0m] Reached target Basic System.
[[0;32m  OK  [0m] Started ACPI event daemon.
[[0;32m  OK  [0m] Started FUSE filesystem for LXC.
[[0;32m  OK  [0m] Started D-Bus System Message Bus.
         Starting System Logging Service...
         Starting LSB: Record successful boot for GRUB...
[[0;32m  OK  [0m] Started Unattended Upgrades Shutdown.
[[0;32m  OK  [0m] Started Deferred execution scheduler.
         Starting Automatically fetch and run repair assertions...
         Starting Accounts Service...
         Starting LXD - container startup/shutdown...
         Starting Apply the settings specified in cloud-config...
         Starting LSB: MD monitoring daemon...
[[0;32m  OK  [0m] Started Regular background program processing daemon.
         Starting OpenBSD Secure Shell server...
         Starting /etc/rc.local Compatibility...
         Starting PostgreSQL Cluster 9.5-main...
         Starting Login Service...
         Starting Snappy daemon...
[[0;32m  OK  [0m] Started System Logging Service.
[[0;32m  OK  [0m] Started OpenBSD Secure Shell server.
[[0;32m  OK  [0m] Started Automatically fetch and run repair assertions.
[[0;32m  OK  [0m] Started LXD - container startup/shutdown.
[[0;32m  OK  [0m] Started /etc/rc.local Compatibility.
[[0;32m  OK  [0m] Started Login to default iSCSI targets.
[[0;32m  OK  [0m] Started LSB: Record successful boot for GRUB.
[[0;32m  OK  [0m] Started LSB: MD monitoring daemon.
[[0;32m  OK  [0m] Started Snappy daemon.
         Starting Authenticate and Authorize Users to Run Privileged Tasks...
         Starting Auto import assertions from block devices...
[[0;32m  OK  [0m] Reached target Remote File Systems (Pre).
[[0;32m  OK  [0m] Reached target Remote File Systems.
         Starting LSB: Set the CPU Frequency Scaling governor to "ondemand"...
         Starting Permit User Sessions...
         Starting LSB: Start odoo daemon at boot time...
         Starting LSB: Start/stop sysstat's sadc...
         Starting LSB: daemon to balance interrupts for SMP systems...
         Starting LSB: VirtualBox Linux Additions...
         Starting LSB: automatic crash report generation...
[[0;32m  OK  [0m] Started Auto import assertions from block devices.
[[0;32m  OK  [0m] Started Permit User Sessions.
[[0;32m  OK  [0m] Started Login Service.
[[0;32m  OK  [0m] Started Authenticate and Authorize Users to Run Privileged Tasks.
[[0;32m  OK  [0m] Started Accounts Service.
[[0;32m  OK  [0m] Started LSB: Start/stop sysstat's sadc.
[[0;32m  OK  [0m] Started LSB: Set the CPU Frequency Scaling governor to "ondemand".
         Starting Terminate Plymouth Boot Screen...
         Starting Hold until boot process finishes up...
[[0;32m  OK  [0m] Started LSB: Start odoo daemon at boot time.
[[0;32m  OK  [0m] Started LSB: daemon to balance interrupts for SMP systems.
[[0;32m  OK  [0m] Started LSB: automatic crash report generation.
[[0;32m  OK  [0m] Started Terminate Plymouth Boot Screen.
[[0;32m  OK  [0m] Started Hold until boot process finishes up.
[[0;32m  OK  [0m] Started LSB: VirtualBox Linux Additions.
[[0;32m  OK  [0m] Created slice User Slice of ubuntu.
[[0;32m  OK  [0m] Started Session 1 of user ubuntu.
         Starting User Manager for UID 1000...
         Starting Set console scheme...
[[0;32m  OK  [0m] Started Serial Getty on ttyS0.
[[0;32m  OK  [0m] Started Getty on tty1.
[[0;32m  OK  [0m] Reached target Login Prompts.
[   19.910734] cloud-init[1072]: Cloud-init v. 0.7.9 running 'modules:config' at Thu, 09 Nov 2017 10:26:45 +0000. Up 19.15 seconds.
[[0;32m  OK  [0m] Started User Manager for UID 1000.
[[0;32m  OK  [0m] Started Set console scheme.
[[0;32m  OK  [0m] Started Apply the settings specified in cloud-config.
[[0;32m  OK  [0m] Started PostgreSQL Cluster 9.5-main.
         Starting PostgreSQL RDBMS...
[[0;32m  OK  [0m] Started PostgreSQL RDBMS.
[[0;32m  OK  [0m] Reached target Multi-User System.
[[0;32m  OK  [0m] Reached target Graphical Interface.
         Starting Update UTMP about System Runlevel Changes...
         Starting Execute cloud user/final scripts...
[[0;32m  OK  [0m] Started Update UTMP about System Runlevel Changes.
[   23.059577] cloud-init[1342]: Cloud-init v. 0.7.9 running 'modules:final' at Thu, 09 Nov 2017 10:26:49 +0000. Up 22.71 seconds.
[   23.098697] cloud-init[1342]: Cloud-init v. 0.7.9 finished at Thu, 09 Nov 2017 10:26:49 +0000. Datasource DataSourceNoCloud [seed=/dev/sdb][dsmode=net].  Up 23.04 seconds
[[0;32m  OK  [0m] Started Execute cloud user/final scripts.
[[0;32m  OK  [0m] Reached target Cloud-init target.

Ubuntu 16.04.3 LTS ubuntu-xenial ttyS0

ubuntu-xenial login: 